<?xml version="1.0" encoding="UTF-8"?>
<testng-results ignored="0" total="1" passed="1" failed="0" skipped="0">
  <reporter-output>
  </reporter-output>
  <suite started-at="2024-05-17T16:04:28 IST" name="Default suite" finished-at="2024-05-17T16:05:57 IST" duration-ms="89178">
    <groups>
    </groups>
    <test started-at="2024-05-17T16:04:28 IST" name="Default test" finished-at="2024-05-17T16:05:57 IST" duration-ms="89178">
      <class name="automationframework.tests.OdioFunctionalityTest">
        <test-method is-config="true" signature="launchApplication()[pri:0, instance:automationframework.tests.OdioFunctionalityTest@1d296da]" started-at="2024-05-17T16:04:28 IST" name="launchApplication" finished-at="2024-05-17T16:04:34 IST" duration-ms="6311" status="PASS">
          <reporter-output>
          </reporter-output>
        </test-method> <!-- launchApplication -->
        <test-method signature="odioFunctionality()[pri:0, instance:automationframework.tests.OdioFunctionalityTest@1d296da]" started-at="2024-05-17T16:04:34 IST" name="odioFunctionality" finished-at="2024-05-17T16:05:57 IST" duration-ms="82665" status="PASS">
          <reporter-output>
          </reporter-output>
        </test-method> <!-- odioFunctionality -->
        <test-method is-config="true" signature="tearDown()[pri:0, instance:automationframework.tests.OdioFunctionalityTest@1d296da]" started-at="2024-05-17T16:05:57 IST" name="tearDown" finished-at="2024-05-17T16:05:57 IST" duration-ms="160" status="PASS">
          <reporter-output>
          </reporter-output>
        </test-method> <!-- tearDown -->
      </class> <!-- automationframework.tests.OdioFunctionalityTest -->
    </test> <!-- Default test -->
  </suite> <!-- Default suite -->
</testng-results>
